apr. 30, 2020 1:50:34 EM affix.java.effective.moneyservice.HQApp readCurrencyConfigFile
INFO: Entering readCurrencyConfigFIle method -->
apr. 30, 2020 1:50:34 EM affix.java.effective.moneyservice.HQApp readCurrencyConfigFile
INFO: Exiting readCurrencyConfigFIle method <--
apr. 30, 2020 1:50:34 EM affix.java.effective.moneyservice.HQApp main
INFO: -------Configuration_Ends-------

apr. 30, 2020 1:50:34 EM affix.java.effective.moneyservice.HQApp HQmenu
INFO: Entering HQmenu method -->
apr. 30, 2020 1:50:41 EM affix.java.effective.moneyservice.HQApp HQmenu
INFO: Exiting HQmenu method <--
apr. 30, 2020 1:50:41 EM affix.java.effective.moneyservice.HQApp createNewSite
INFO: Entering createNewSite method -->
apr. 30, 2020 1:50:45 EM affix.java.effective.moneyservice.HQApp createNewSite
INFO: Exiting createNewSite method <--
apr. 30, 2020 1:50:45 EM affix.java.effective.moneyservice.HQApp CLIapplication
INFO: -------Task_Done-------

apr. 30, 2020 1:50:45 EM affix.java.effective.moneyservice.HQApp HQmenu
INFO: Entering HQmenu method -->
apr. 30, 2020 1:50:52 EM affix.java.effective.moneyservice.HQApp HQmenu
INFO: Exiting HQmenu method <--
apr. 30, 2020 1:50:52 EM affix.java.effective.moneyservice.CLIHelper menuInput
INFO: Entering menuInput method -->
apr. 30, 2020 1:50:52 EM affix.java.effective.moneyservice.CLIHelper readSites
INFO: Entering readSites method -->
apr. 30, 2020 1:50:54 EM affix.java.effective.moneyservice.CLIHelper readSites
INFO: Exiting readSites method <--
apr. 30, 2020 1:50:54 EM affix.java.effective.moneyservice.CLIHelper readPeriod
INFO: Entering readPeriod method -->
apr. 30, 2020 1:50:56 EM affix.java.effective.moneyservice.CLIHelper menuInput
INFO: Exiting readPeriod method <--
apr. 30, 2020 1:50:56 EM affix.java.effective.moneyservice.CLIHelper readStartDay
INFO: Entering readStartDay -->
apr. 30, 2020 1:51:05 EM affix.java.effective.moneyservice.CLIHelper menuInput
INFO: Exiting readStartDay <--
apr. 30, 2020 1:51:05 EM affix.java.effective.moneyservice.CLIHelper readCurrencyCodes
INFO: Entering readCurrencyCodes method -->
apr. 30, 2020 1:51:07 EM affix.java.effective.moneyservice.CLIHelper readCurrencyCodes
INFO: Exiting readCurrencyCodes method <--
apr. 30, 2020 1:51:07 EM affix.java.effective.moneyservice.Site readTransactions
INFO: Entering readTransactions method -->
apr. 30, 2020 1:51:07 EM affix.java.effective.moneyservice.Site readTransactions
INFO: Exiting readTransaction method <--
apr. 30, 2020 1:51:07 EM affix.java.effective.moneyservice.Statistic <init>
INFO: Entering Statistics constructor -->
apr. 30, 2020 1:51:07 EM affix.java.effective.moneyservice.Statistic <init>
INFO: Exiting Statistics constructor <--
apr. 30, 2020 1:51:07 EM affix.java.effective.moneyservice.Statistic getDiffCurrency
INFO: Entering getDiffCurrency method -->
apr. 30, 2020 1:51:07 EM affix.java.effective.moneyservice.Statistic getDiffCurrency
INFO: Diff of all currency: {USD=-400}
apr. 30, 2020 1:51:07 EM affix.java.effective.moneyservice.Statistic getDiffCurrency
INFO: Exiting getDiffCurrency method <--
apr. 30, 2020 1:51:07 EM affix.java.effective.moneyservice.Statistic getProfit
INFO: Entering getProfit method -->
apr. 30, 2020 1:51:07 EM affix.java.effective.moneyservice.HQApp readCurrencyConfigFile
INFO: Entering readCurrencyConfigFIle method -->
apr. 30, 2020 1:51:07 EM affix.java.effective.moneyservice.HQApp readCurrencyConfigFile
INFO: Exiting readCurrencyConfigFIle method <--
apr. 30, 2020 1:51:07 EM affix.java.effective.moneyservice.Statistic getTotalAmountBuy
INFO: Entering getTotalAmountBuy method -->
apr. 30, 2020 1:51:07 EM affix.java.effective.moneyservice.HQApp readCurrencyConfigFile
INFO: Entering readCurrencyConfigFIle method -->
apr. 30, 2020 1:51:07 EM affix.java.effective.moneyservice.HQApp readCurrencyConfigFile
INFO: Exiting readCurrencyConfigFIle method <--
apr. 30, 2020 1:51:07 EM affix.java.effective.moneyservice.Statistic getTotalAmountBuy
INFO: Total amount bought for every currency: {USD=5037}
apr. 30, 2020 1:51:07 EM affix.java.effective.moneyservice.Statistic getTotalAmountBuy
INFO: Exiting getTotalAmountBuy method <--
apr. 30, 2020 1:51:07 EM affix.java.effective.moneyservice.Statistic getTotalAmountSell
INFO: Entering getTotalAmountSell method -->
apr. 30, 2020 1:51:07 EM affix.java.effective.moneyservice.HQApp readCurrencyConfigFile
INFO: Entering readCurrencyConfigFIle method -->
apr. 30, 2020 1:51:07 EM affix.java.effective.moneyservice.HQApp readCurrencyConfigFile
INFO: Exiting readCurrencyConfigFIle method <--
apr. 30, 2020 1:51:07 EM affix.java.effective.moneyservice.Statistic getTotalAmountSell
INFO: Total amount sold for every currency: {USD=9158}
apr. 30, 2020 1:51:07 EM affix.java.effective.moneyservice.Statistic getTotalAmountSell
INFO: Exiting getTotalAmountSell method <--
apr. 30, 2020 1:51:07 EM affix.java.effective.moneyservice.Statistic getTotalAmount
INFO: Entering getTotalAmount method -->
apr. 30, 2020 1:51:07 EM affix.java.effective.moneyservice.HQApp readCurrencyConfigFile
INFO: Entering readCurrencyConfigFIle method -->
apr. 30, 2020 1:51:07 EM affix.java.effective.moneyservice.HQApp readCurrencyConfigFile
INFO: Exiting readCurrencyConfigFIle method <--
apr. 30, 2020 1:51:07 EM affix.java.effective.moneyservice.Statistic getTotalAmount
INFO: total profit for all currency : {USD=4121}
apr. 30, 2020 1:51:07 EM affix.java.effective.moneyservice.Statistic getTotalAmount
INFO: Exiting getTotalAmount method <--
apr. 30, 2020 1:51:07 EM affix.java.effective.moneyservice.Statistic getDiffCurrency
INFO: Entering getDiffCurrency method -->
apr. 30, 2020 1:51:07 EM affix.java.effective.moneyservice.Statistic getDiffCurrency
INFO: Diff of all currency: {USD=-400}
apr. 30, 2020 1:51:07 EM affix.java.effective.moneyservice.Statistic getDiffCurrency
INFO: Exiting getDiffCurrency method <--
apr. 30, 2020 1:51:07 EM affix.java.effective.moneyservice.CLIHelper menuInput
INFO: Exiting menuInput method <--
apr. 30, 2020 1:51:07 EM affix.java.effective.moneyservice.HQApp CLIapplication
INFO: -------Task_Done-------

apr. 30, 2020 1:51:07 EM affix.java.effective.moneyservice.HQApp HQmenu
INFO: Entering HQmenu method -->
apr. 30, 2020 1:53:05 EM affix.java.effective.moneyservice.HQApp HQmenu
INFO: Exiting HQmenu method <--
apr. 30, 2020 1:53:05 EM affix.java.effective.moneyservice.HQApp CLIapplication
INFO: -------Task_Done-------

